
/home/runner/work/exp-power-factor-using-capacitor-iitk/exp-power-factor-using-capacitor-iitk/experiment/simulation/js/main.js
    6:5   warning  'flow' is assigned a value but never used       no-unused-vars
    7:5   warning  'ig' is assigned a value but never used         no-unused-vars
   34:10  warning  'Capacitor' is defined but never used           no-unused-vars
   41:10  warning  'getResistance' is defined but never used       no-unused-vars
   53:7   warning  'procedure' is assigned a value but never used  no-unused-vars
   72:10  warning  'i' is not defined                              no-undef
   72:17  warning  'i' is not defined                              no-undef
   72:34  warning  'i' is not defined                              no-undef
   73:54  warning  'i' is not defined                              no-undef
   73:74  warning  'i' is not defined                              no-undef
   87:5   warning  'data' is already defined                       no-redeclare
   93:6   warning  'i' is not defined                              no-undef
   93:13  warning  'i' is not defined                              no-undef
   93:30  warning  'i' is not defined                              no-undef
   94:46  warning  'i' is not defined                              no-undef
   94:66  warning  'i' is not defined                              no-undef
  104:10  warning  'rshift' is defined but never used              no-unused-vars
  113:10  warning  'lshift' is defined but never used              no-unused-vars
  123:7   warning  'textBtn' is assigned a value but never used    no-unused-vars
  125:10  warning  'switchonoff' is defined but never used         no-unused-vars

✖ 20 problems (0 errors, 20 warnings)

